Problem:    p2
Rows:       90
Columns:    60
Non-zeros:  630
Status:     OPTIMAL
Objective:  profit = 107842.5926 (MAXimum)

   No.   Row name   St   Activity     Lower bound   Upper bound    Marginal
------ ------------ -- ------------- ------------- ------------- -------------
     1 profit       B         182843                             
     2 raffinageHuileVegMax[1]
                    NU           200                         200            70 
     3 raffinageHuileVegMax[2]
                    NU           200                         200            65 
     4 raffinageHuileVegMax[3]
                    NU           200                         200            60 
     5 raffinageHuileVegMax[4]
                    NU           200                         200            55 
     6 raffinageHuileVegMax[5]
                    NU           200                         200            50 
     7 raffinageHuileVegMax[6]
                    NU           200                         200       49.6296 
     8 raffinageHuileHydMax[1]
                    NU           250                         250            65 
     9 raffinageHuileHydMax[2]
                    NU           250                         250            60 
    10 raffinageHuileHydMax[3]
                    NU           250                         250            55 
    11 raffinageHuileHydMax[4]
                    NU           250                         250            50 
    12 raffinageHuileHydMax[5]
                    NU           250                         250            45 
    13 raffinageHuileHydMax[6]
                    NU           250                         250       76.6667 
    14 viscociteCibleMaximum[1]
                    NU             0                          -0         < eps
    15 viscociteCibleMaximum[2]
                    NU             0                          -0         < eps
    16 viscociteCibleMaximum[3]
                    NU             0                          -0         < eps
    17 viscociteCibleMaximum[4]
                    B           -200                          -0 
    18 viscociteCibleMaximum[5]
                    NU             0                          -0         < eps
    19 viscociteCibleMaximum[6]
                    NU             0                          -0        3.7037 
    20 viscociteCibleMinimum[1]
                    B           1350            -0               
    21 viscociteCibleMinimum[2]
                    B           1350            -0               
    22 viscociteCibleMinimum[3]
                    B           1350            -0               
    23 viscociteCibleMinimum[4]
                    B           1150            -0               
    24 viscociteCibleMinimum[5]
                    B           1350            -0               
    25 viscociteCibleMinimum[6]
                    B           1350            -0               
    26 storageMax[V1,1]
                    B       -159.259                         500 
    27 storageMax[V1,2]
                    B       -244.444                         500 
    28 storageMax[V1,3]
                    B        -329.63                         500 
    29 storageMax[V1,4]
                    B       -414.815                         500 
    30 storageMax[V1,5]
                    B           -500                         500 
    31 storageMax[V1,6]
                    B              0                         500 
    32 storageMax[V2,1]
                    B       -40.7407                         500 
    33 storageMax[V2,2]
                    B       -155.556                         500 
    34 storageMax[V2,3]
                    B        -270.37                         500 
    35 storageMax[V2,4]
                    B       -385.185                         500 
    36 storageMax[V2,5]
                    B           -500                         500 
    37 storageMax[V2,6]
                    B              0                         500 
    38 storageMax[H1,1]
                    B              0                         500 
    39 storageMax[H1,2]
                    B              0                         500 
    40 storageMax[H1,3]
                    B              0                         500 
    41 storageMax[H1,4]
                    B              0                         500 
    42 storageMax[H1,5]
                    B              0                         500 
    43 storageMax[H1,6]
                    B              0                         500 
    44 storageMax[H2,1]
                    B           -250                         500 
    45 storageMax[H2,2]
                    B           -250                         500 
    46 storageMax[H2,3]
                    B           -250                         500 
    47 storageMax[H2,4]
                    B           -500                         500 
    48 storageMax[H2,5]
                    B           -500                         500 
    49 storageMax[H2,6]
                    B              0                         500 
    50 storageMax[H3,1]
                    B              0                         500 
    51 storageMax[H3,2]
                    B           -250                         500 
    52 storageMax[H3,3]
                    B            250                         500 
    53 storageMax[H3,4]
                    B            250                         500 
    54 storageMax[H3,5]
                    B              0                         500 
    55 storageMax[H3,6]
                    B              0                         500 
    56 storageMin[V1,1]
                    B       -159.259          -500               
    57 storageMin[V1,2]
                    B       -244.444          -500               
    58 storageMin[V1,3]
                    B        -329.63          -500               
    59 storageMin[V1,4]
                    B       -414.815          -500               
    60 storageMin[V1,5]
                    NL          -500          -500                         -15 
    61 storageMin[V1,6]
                    B              0          -500               
    62 storageMin[V2,1]
                    B       -40.7407          -500               
    63 storageMin[V2,2]
                    B       -155.556          -500               
    64 storageMin[V2,3]
                    B        -270.37          -500               
    65 storageMin[V2,4]
                    B       -385.185          -500               
    66 storageMin[V2,5]
                    NL          -500          -500                          -5 
    67 storageMin[V2,6]
                    B              0          -500               
    68 storageMin[H1,1]
                    B              0          -500               
    69 storageMin[H1,2]
                    B              0          -500               
    70 storageMin[H1,3]
                    B              0          -500               
    71 storageMin[H1,4]
                    B              0          -500               
    72 storageMin[H1,5]
                    B              0          -500               
    73 storageMin[H1,6]
                    B              0          -500               
    74 storageMin[H2,1]
                    B           -250          -500               
    75 storageMin[H2,2]
                    B           -250          -500               
    76 storageMin[H2,3]
                    B           -250          -500               
    77 storageMin[H2,4]
                    NL          -500          -500                       < eps
    78 storageMin[H2,5]
                    NL          -500          -500                         -30 
    79 storageMin[H2,6]
                    B              0          -500               
    80 storageMin[H3,1]
                    B              0          -500               
    81 storageMin[H3,2]
                    B           -250          -500               
    82 storageMin[H3,3]
                    B            250          -500               
    83 storageMin[H3,4]
                    B            250          -500               
    84 storageMin[H3,5]
                    B              0          -500               
    85 storageMin[H3,6]
                    B              0          -500               
    86 storageFinal[V1]
                    NS             0            -0             =           -95 
    87 storageFinal[V2]
                    NS             0            -0             =          -105 
    88 storageFinal[H1]
                    NS             0            -0             =          -115 
    89 storageFinal[H2]
                    NS             0            -0             =           -85 
    90 storageFinal[H3]
                    NS             0            -0             =          -115 

   No. Column name  St   Activity     Lower bound   Upper bound    Marginal
------ ------------ -- ------------- ------------- ------------- -------------
     1 achat[V1,1]  NL             0             0                         -30 
     2 achat[V1,2]  NL             0             0                         -45 
     3 achat[V1,3]  NL             0             0                         -20 
     4 achat[V1,4]  NL             0             0                         -25 
     5 achat[V1,5]  B              0             0               
     6 achat[V1,6]  B        659.259             0               
     7 achat[V2,1]  NL             0             0                         -40 
     8 achat[V2,2]  NL             0             0                         -45 
     9 achat[V2,3]  NL             0             0                         -50 
    10 achat[V2,4]  NL             0             0                         -15 
    11 achat[V2,5]  NL             0             0                         -20 
    12 achat[V2,6]  B        540.741             0               
    13 achat[H1,1]  NL             0             0                         -45 
    14 achat[H1,2]  NL             0             0                         -20 
    15 achat[H1,3]  NL             0             0                         -35 
    16 achat[H1,4]  NL             0             0                         -20 
    17 achat[H1,5]  NL             0             0                         -45 
    18 achat[H1,6]  NL             0             0                         -30 
    19 achat[H2,1]  NL             0             0                         -25 
    20 achat[H2,2]  B              0             0               
    21 achat[H2,3]  NL             0             0                          -5 
    22 achat[H2,4]  NL             0             0                         -20 
    23 achat[H2,5]  NL             0             0                          -5 
    24 achat[H2,6]  B            750             0               
    25 achat[H3,1]  NL             0             0                         -30 
    26 achat[H3,2]  NL             0             0                         -25 
    27 achat[H3,3]  B            750             0               
    28 achat[H3,4]  NL             0             0                         -25 
    29 achat[H3,5]  NL             0             0                       < eps
    30 achat[H3,6]  NL             0             0                         -25 
    31 raff[V1,1]   B        159.259             0               
    32 raff[V1,2]   B        85.1852             0               
    33 raff[V1,3]   B        85.1852             0               
    34 raff[V1,4]   B        85.1852             0               
    35 raff[V1,5]   B        85.1852             0               
    36 raff[V1,6]   B        159.259             0               
    37 raff[V2,1]   B        40.7407             0               
    38 raff[V2,2]   B        114.815             0               
    39 raff[V2,3]   B        114.815             0               
    40 raff[V2,4]   B        114.815             0               
    41 raff[V2,5]   B        114.815             0               
    42 raff[V2,6]   B        40.7407             0               
    43 raff[H1,1]   NL             0             0                       < eps
    44 raff[H1,2]   NL             0             0                       < eps
    45 raff[H1,3]   NL             0             0                       < eps
    46 raff[H1,4]   B              0             0               
    47 raff[H1,5]   NL             0             0                       < eps
    48 raff[H1,6]   NL             0             0                    -21.8519 
    49 raff[H2,1]   B            250             0               
    50 raff[H2,2]   NL             0             0                       < eps
    51 raff[H2,3]   NL             0             0                       < eps
    52 raff[H2,4]   B            250             0               
    53 raff[H2,5]   B              0             0               
    54 raff[H2,6]   B            250             0               
    55 raff[H3,1]   NL             0             0                       < eps
    56 raff[H3,2]   B            250             0               
    57 raff[H3,3]   B            250             0               
    58 raff[H3,4]   NL             0             0                       < eps
    59 raff[H3,5]   B            250             0               
    60 raff[H3,6]   NL             0             0                     -32.963 

Karush-Kuhn-Tucker optimality conditions:

KKT.PE: max.abs.err = 5.82e-11 on row 1
        max.rel.err = 6.02e-14 on row 3
        High quality

KKT.PB: max.abs.err = 1.22e-12 on column 5
        max.rel.err = 1.22e-12 on column 5
        High quality

KKT.DE: max.abs.err = 9.09e-13 on column 35
        max.rel.err = 2.83e-15 on column 35
        High quality

KKT.DB: max.abs.err = 9.95e-13 on column 43
        max.rel.err = 9.95e-13 on column 43
        High quality

End of output
